<?xml version="1.0" encoding="UTF-8"?>
<!-- Generated by org.testng.reporters.JUnitReportReporter -->
<testsuite hostname="DESKTOP-L9JMAV8" failures="0" tests="2" name="myTestCases" time="0.753" errors="0" timestamp="2023-01-04T20:11:51 AST" skipped="0">
  <testcase classname="myTestCases" name="validate_contact_form" time="0.408"/>
  <system-out/>
  <testcase classname="myTestCases" name="check_image_slider" time="0.345"/>
  <system-out/>
</testsuite> <!-- myTestCases -->
